#
# A fatal error has been detected by the Java Runtime Environment:
#
#  EXCEPTION_ACCESS_VIOLATION (0xc0000005) at pc=0x00000000021dfeda, pid=5452, tid=14944
#
# JRE version: Java(TM) SE Runtime Environment (8.0_65-b17) (build 1.8.0_65-b17)
# Java VM: Java HotSpot(TM) 64-Bit Server VM (25.65-b01 mixed mode windows-amd64 compressed oops)
# Problematic frame:
# C  0x00000000021dfeda
#
# Failed to write core dump. Minidumps are not enabled by default on client versions of Windows
#
# If you would like to submit a bug report, please visit:
#   http://bugreport.java.com/bugreport/crash.jsp
# The crash happened outside the Java Virtual Machine in native code.
# See problematic frame for where to report the bug.
#

---------------  T H R E A D  ---------------

Current thread (0x00000000021be800):  JavaThread "main" [_thread_in_native, id=14944, stack(0x0000000002480000,0x0000000002580000)]

siginfo: ExceptionCode=0xc0000005, reading address 0x0000000000000050

Registers:
RAX=0x000000002bb36294, RBX=0x0000000021fe0000, RCX=0x0000000000000004, RDX=0x00000000bfabd244
RSP=0x000000000257ea20, RBP=0x00000000bfabea40, RSI=0x0000000000000050, RDI=0x0000000000000014
R8 =0x00000000bfabd240, R9 =0x0000000000000600, R10=0x0000000022055a78, R11=0x00000000bfabea40
R12=0x0000000000007800, R13=0x0000000000000600, R14=0x00000000bfabd240, R15=0x000000002bb36294
RIP=0x00000000021dfeda, EFLAGS=0x0000000000010206

Top of Stack: (sp=0x000000000257ea20)
0x000000000257ea20:   00000000cb4aae1c 0000000022bbe780
0x000000000257ea30:   0000000021fe0000 0000000000000600
0x000000000257ea40:   0000000000000000 000000006997f702
0x000000000257ea50:   0000000000007800 0000000000000000
0x000000000257ea60:   0000000021fe0000 0000000000000000
0x000000000257ea70:   0000000000000000 0000000000000000
0x000000000257ea80:   0000000000000000 0000000000000000
0x000000000257ea90:   0000000000000000 000000002bb36294
0x000000000257eaa0:   0000000000000000 0000000000000000
0x000000000257eab0:   0000000000000600 00000000021dfe80
0x000000000257eac0:   0000000000000000 00000000220350e0
0x000000000257ead0:   0000000000000000 0000000000000000
0x000000000257eae0:   0000000000000000 0000000000000000
0x000000000257eaf0:   0000000000000000 0000000000000000
0x000000000257eb00:   0000000000000000 0000000000000000
0x000000000257eb10:   0000000000000000 0000000000000000 

Instructions: (pc=0x00000000021dfeda)
0x00000000021dfeba:   48 83 c2 04 48 be b8 5b 03 22 00 00 00 00 48 8b
0x00000000021dfeca:   36 48 8b b6 08 03 00 00 48 8d 3c 89 48 8d 34 be
0x00000000021dfeda:   8b 3e 8b 6e 04 89 38 89 68 04 8b 7e 08 89 78 08
0x00000000021dfeea:   48 be b8 5b 03 22 00 00 00 00 48 8b 36 48 8b b6 


Register to memory mapping:

RAX=0x000000002bb36294 is an unknown value
RBX=0x0000000021fe0000 is an unknown value
RCX=0x0000000000000004 is an unknown value
RDX=0x00000000bfabd244 is an unknown value
RSP=0x000000000257ea20 is pointing into the stack for thread: 0x00000000021be800
RBP=0x00000000bfabea40 is an unknown value
RSI=0x0000000000000050 is an unknown value
RDI=0x0000000000000014 is an unknown value
R8 =0x00000000bfabd240 is an unknown value
R9 =0x0000000000000600 is an unknown value
R10=0x0000000022055a78 is an unknown value
R11=0x00000000bfabea40 is an unknown value
R12=0x0000000000007800 is an unknown value
R13=0x0000000000000600 is an unknown value
R14=0x00000000bfabd240 is an unknown value
R15=0x000000002bb36294 is an unknown value


Stack: [0x0000000002480000,0x0000000002580000],  sp=0x000000000257ea20,  free space=1018k
Native frames: (J=compiled Java code, j=interpreted, Vv=VM code, C=native code)
C  0x00000000021dfeda

Java frames: (J=compiled Java code, j=interpreted, Vv=VM code)
J 542  org.lwjgl.opengl.GL11.nglDrawElementsBO(IIIJJ)V (0 bytes) @ 0x0000000002abda56 [0x0000000002abda00+0x56]
J 608 C2 org.lwjgl.opengl.GL11.glDrawElements(IIIJ)V (32 bytes) @ 0x0000000002af613c [0x0000000002af60a0+0x9c]
J 526 C2 laraifox.minecraft.world.Stack.render(Llaraifox/minecraft/core/Shader;)V (34 bytes) @ 0x0000000002abca14 [0x0000000002abc400+0x614]
J 609 C2 laraifox.minecraft.world.World.render(Llaraifox/minecraft/core/Shader;)V (82 bytes) @ 0x0000000002afa7bc [0x0000000002afa360+0x45c]
J 822 C1 laraifox.minecraft.core.GameManager.render()V (86 bytes) @ 0x0000000002b8774c [0x0000000002b85580+0x21cc]
J 821 C1 laraifox.minecraft.core.OpenGLDisplay.render()V (10 bytes) @ 0x0000000002b84dc4 [0x0000000002b84d00+0xc4]
j  laraifox.minecraft.core.OpenGLDisplay.gameLoop()V+159
j  laraifox.minecraft.core.OpenGLDisplay.start()V+21
j  laraifox.minecraft.MinecraftCloneBoot.main([Ljava/lang/String;)V+184
v  ~StubRoutines::call_stub

---------------  P R O C E S S  ---------------

Java Threads: ( => current thread )
  0x000000001d8e6800 JavaThread "LWJGL Timer" daemon [_thread_blocked, id=11492, stack(0x00000000206d0000,0x00000000207d0000)]
  0x000000001d639000 JavaThread "Java2D Disposer" daemon [_thread_blocked, id=8548, stack(0x0000000020500000,0x0000000020600000)]
  0x000000001d6d0000 JavaThread "Service Thread" daemon [_thread_blocked, id=15408, stack(0x000000001f140000,0x000000001f240000)]
  0x000000001d646800 JavaThread "C1 CompilerThread3" daemon [_thread_blocked, id=14748, stack(0x000000001f270000,0x000000001f370000)]
  0x000000001d623800 JavaThread "C2 CompilerThread2" daemon [_thread_blocked, id=1752, stack(0x000000001efe0000,0x000000001f0e0000)]
  0x000000001d61c800 JavaThread "C2 CompilerThread1" daemon [_thread_blocked, id=15268, stack(0x000000001e7e0000,0x000000001e8e0000)]
  0x000000001d614000 JavaThread "C2 CompilerThread0" daemon [_thread_blocked, id=14156, stack(0x000000001eec0000,0x000000001efc0000)]
  0x000000001d611000 JavaThread "Attach Listener" daemon [_thread_blocked, id=15416, stack(0x000000001eca0000,0x000000001eda0000)]
  0x000000001d610000 JavaThread "Signal Dispatcher" daemon [_thread_blocked, id=1888, stack(0x000000001ea90000,0x000000001eb90000)]
  0x000000001c44e800 JavaThread "Finalizer" daemon [_thread_blocked, id=1316, stack(0x000000001e940000,0x000000001ea40000)]
  0x000000001c447800 JavaThread "Reference Handler" daemon [_thread_blocked, id=10844, stack(0x000000001e6e0000,0x000000001e7e0000)]
=>0x00000000021be800 JavaThread "main" [_thread_in_native, id=14944, stack(0x0000000002480000,0x0000000002580000)]

Other Threads:
  0x000000001d5c2800 VMThread [stack: 0x000000001e570000,0x000000001e670000] [id=14452]
  0x000000001d6d5000 WatcherThread [stack: 0x000000001f3b0000,0x000000001f4b0000] [id=4676]

VM state:not at safepoint (normal execution)

VM Mutex/Monitor currently owned by a thread: None

Heap:
 PSYoungGen      total 585216K, used 551493K [0x000000076b180000, 0x0000000791c80000, 0x00000007c0000000)
  eden space 545792K, 95% used [0x000000076b180000,0x000000078af1d8b8,0x000000078c680000)
  from space 39424K, 75% used [0x000000078f000000,0x0000000790cf3cc0,0x0000000791680000)
  to   space 42496K, 0% used [0x000000078c680000,0x000000078c680000,0x000000078f000000)
 ParOldGen       total 2355200K, used 1927743K [0x00000006c1400000, 0x0000000751000000, 0x000000076b180000)
  object space 2355200K, 81% used [0x00000006c1400000,0x0000000736e8fdc0,0x0000000751000000)
 Metaspace       used 6910K, capacity 7069K, committed 7168K, reserved 1056768K
  class space    used 669K, capacity 729K, committed 768K, reserved 1048576K

Card table byte_map: [0x0000000011c10000,0x0000000012410000] byte_map_base: 0x000000000e606000

Marking Bits: (ParMarkBitMap*) 0x00000000704aa5b0
 Begin Bits: [0x0000000013300000, 0x00000000172b0000)
 End Bits:   [0x00000000172b0000, 0x000000001b260000)

Polling page: 0x0000000001c60000

CodeCache: size=245760Kb used=3308Kb max_used=3425Kb free=242451Kb
 bounds [0x0000000002850000, 0x0000000002bc0000, 0x0000000011850000]
 total_blobs=1250 nmethods=836 adapters=327
 compilation: enabled

Compilation events (10 events):
Event: 74.009 Thread 0x000000001d614000  909       4       org.lwjgl.opengl.GL15::glBufferData (38 bytes)
Event: 74.011 Thread 0x000000001d61c800  910       4       laraifox.minecraft.world.ChunkUpdateQueue::releaseUpdateThread (22 bytes)
Event: 74.013 Thread 0x000000001d614000 nmethod 909 0x0000000002a9d450 code [0x0000000002a9d5a0, 0x0000000002a9d708]
Event: 74.020 Thread 0x000000001d61c800 nmethod 910 0x0000000002ab5e90 code [0x0000000002ab6040, 0x0000000002ab67f8]
Event: 74.035 Thread 0x000000001d623800  911   !   4       java.io.PrintStream::println (24 bytes)
Event: 74.037 Thread 0x000000001d623800 nmethod 911 0x000000000296a550 code [0x000000000296a6a0, 0x000000000296a9b8]
Event: 79.733 Thread 0x000000001d646800  912       3       org.lwjgl.opengl.WindowsMouse::poll (183 bytes)
Event: 79.734 Thread 0x000000001d646800 nmethod 912 0x0000000002aaac10 code [0x0000000002aaae20, 0x0000000002aabd08]
Event: 80.527 Thread 0x000000001d646800  913       3       org.lwjgl.opengl.WindowsKeyboard::isKeyPressed (13 bytes)
Event: 80.527 Thread 0x000000001d646800 nmethod 913 0x0000000002ab4750 code [0x0000000002ab48a0, 0x0000000002ab4a30]

GC Heap History (10 events):
Event: 68.203 GC heap before
{Heap before GC invocations=79 (full 5):
 PSYoungGen      total 560128K, used 560027K [0x000000076b180000, 0x0000000791300000, 0x00000007c0000000)
  eden space 545792K, 100% used [0x000000076b180000,0x000000078c680000,0x000000078c680000)
  from space 14336K, 99% used [0x000000078c680000,0x000000078d466c10,0x000000078d480000)
  to   space 38400K, 0% used [0x000000078ed80000,0x000000078ed80000,0x0000000791300000)
 ParOldGen       total 2355200K, used 1927703K [0x00000006c1400000, 0x0000000751000000, 0x000000076b180000)
  object space 2355200K, 81% used [0x00000006c1400000,0x0000000736e85dc0,0x0000000751000000)
 Metaspace       used 6901K, capacity 7069K, committed 7168K, reserved 1056768K
  class space    used 668K, capacity 729K, committed 768K, reserved 1048576K
Event: 68.211 GC heap after
Heap after GC invocations=79 (full 5):
 PSYoungGen      total 583680K, used 2923K [0x000000076b180000, 0x0000000791180000, 0x00000007c0000000)
  eden space 546816K, 0% used [0x000000076b180000,0x000000076b180000,0x000000078c780000)
  from space 36864K, 7% used [0x000000078ed80000,0x000000078f05af60,0x0000000791180000)
  to   space 37888K, 0% used [0x000000078c780000,0x000000078c780000,0x000000078ec80000)
 ParOldGen       total 2355200K, used 1927703K [0x00000006c1400000, 0x0000000751000000, 0x000000076b180000)
  object space 2355200K, 81% used [0x00000006c1400000,0x0000000736e85dc0,0x0000000751000000)
 Metaspace       used 6901K, capacity 7069K, committed 7168K, reserved 1056768K
  class space    used 668K, capacity 729K, committed 768K, reserved 1048576K
}
Event: 70.588 GC heap before
{Heap before GC invocations=80 (full 5):
 PSYoungGen      total 583680K, used 549739K [0x000000076b180000, 0x0000000791180000, 0x00000007c0000000)
  eden space 546816K, 100% used [0x000000076b180000,0x000000078c780000,0x000000078c780000)
  from space 36864K, 7% used [0x000000078ed80000,0x000000078f05af60,0x0000000791180000)
  to   space 37888K, 0% used [0x000000078c780000,0x000000078c780000,0x000000078ec80000)
 ParOldGen       total 2355200K, used 1927703K [0x00000006c1400000, 0x0000000751000000, 0x000000076b180000)
  object space 2355200K, 81% used [0x00000006c1400000,0x0000000736e85dc0,0x0000000751000000)
 Metaspace       used 6901K, capacity 7069K, committed 7168K, reserved 1056768K
  class space    used 668K, capacity 729K, committed 768K, reserved 1048576K
Event: 70.600 GC heap after
Heap after GC invocations=80 (full 5):
 PSYoungGen      total 560128K, used 12837K [0x000000076b180000, 0x0000000790e80000, 0x00000007c0000000)
  eden space 546816K, 0% used [0x000000076b180000,0x000000076b180000,0x000000078c780000)
  from space 13312K, 96% used [0x000000078c780000,0x000000078d409480,0x000000078d480000)
  to   space 35840K, 0% used [0x000000078eb80000,0x000000078eb80000,0x0000000790e80000)
 ParOldGen       total 2355200K, used 1927703K [0x00000006c1400000, 0x0000000751000000, 0x000000076b180000)
  object space 2355200K, 81% used [0x00000006c1400000,0x0000000736e85dc0,0x0000000751000000)
 Metaspace       used 6901K, capacity 7069K, committed 7168K, reserved 1056768K
  class space    used 668K, capacity 729K, committed 768K, reserved 1048576K
}
Event: 73.015 GC heap before
{Heap before GC invocations=81 (full 5):
 PSYoungGen      total 560128K, used 559653K [0x000000076b180000, 0x0000000790e80000, 0x00000007c0000000)
  eden space 546816K, 100% used [0x000000076b180000,0x000000078c780000,0x000000078c780000)
  from space 13312K, 96% used [0x000000078c780000,0x000000078d409480,0x000000078d480000)
  to   space 35840K, 0% used [0x000000078eb80000,0x000000078eb80000,0x0000000790e80000)
 ParOldGen       total 2355200K, used 1927703K [0x00000006c1400000, 0x0000000751000000, 0x000000076b180000)
  object space 2355200K, 81% used [0x00000006c1400000,0x0000000736e85dc0,0x0000000751000000)
 Metaspace       used 6910K, capacity 7069K, committed 7168K, reserved 1056768K
  class space    used 669K, capacity 729K, committed 768K, reserved 1048576K
Event: 73.021 GC heap after
Heap after GC invocations=81 (full 5):
 PSYoungGen      total 583680K, used 128K [0x000000076b180000, 0x0000000790e80000, 0x00000007c0000000)
  eden space 547840K, 0% used [0x000000076b180000,0x000000076b180000,0x000000078c880000)
  from space 35840K, 0% used [0x000000078eb80000,0x000000078eba0000,0x0000000790e80000)
  to   space 35840K, 0% used [0x000000078c880000,0x000000078c880000,0x000000078eb80000)
 ParOldGen       total 2355200K, used 1927711K [0x00000006c1400000, 0x0000000751000000, 0x000000076b180000)
  object space 2355200K, 81% used [0x00000006c1400000,0x0000000736e87dc0,0x0000000751000000)
 Metaspace       used 6910K, capacity 7069K, committed 7168K, reserved 1056768K
  class space    used 669K, capacity 729K, committed 768K, reserved 1048576K
}
Event: 75.836 GC heap before
{Heap before GC invocations=82 (full 5):
 PSYoungGen      total 583680K, used 547968K [0x000000076b180000, 0x0000000790e80000, 0x00000007c0000000)
  eden space 547840K, 100% used [0x000000076b180000,0x000000078c880000,0x000000078c880000)
  from space 35840K, 0% used [0x000000078eb80000,0x000000078eba0000,0x0000000790e80000)
  to   space 35840K, 0% used [0x000000078c880000,0x000000078c880000,0x000000078eb80000)
 ParOldGen       total 2355200K, used 1927711K [0x00000006c1400000, 0x0000000751000000, 0x000000076b180000)
  object space 2355200K, 81% used [0x00000006c1400000,0x0000000736e87dc0,0x0000000751000000)
 Metaspace       used 6910K, capacity 7069K, committed 7168K, reserved 1056768K
  class space    used 669K, capacity 729K, committed 768K, reserved 1048576K
Event: 75.855 GC heap after
Heap after GC invocations=82 (full 5):
 PSYoungGen      total 583680K, used 27814K [0x000000076b180000, 0x0000000791680000, 0x00000007c0000000)
  eden space 547840K, 0% used [0x000000076b180000,0x000000076b180000,0x000000078c880000)
  from space 35840K, 77% used [0x000000078c880000,0x000000078e3a9890,0x000000078eb80000)
  to   space 39424K, 0% used [0x000000078f000000,0x000000078f000000,0x0000000791680000)
 ParOldGen       total 2355200K, used 1927743K [0x00000006c1400000, 0x0000000751000000, 0x000000076b180000)
  object space 2355200K, 81% used [0x00000006c1400000,0x0000000736e8fdc0,0x0000000751000000)
 Metaspace       used 6910K, capacity 7069K, committed 7168K, reserved 1056768K
  class space    used 669K, capacity 729K, committed 768K, reserved 1048576K
}
Event: 78.687 GC heap before
{Heap before GC invocations=83 (full 5):
 PSYoungGen      total 583680K, used 575654K [0x000000076b180000, 0x0000000791680000, 0x00000007c0000000)
  eden space 547840K, 100% used [0x000000076b180000,0x000000078c880000,0x000000078c880000)
  from space 35840K, 77% used [0x000000078c880000,0x000000078e3a9890,0x000000078eb80000)
  to   space 39424K, 0% used [0x000000078f000000,0x000000078f000000,0x0000000791680000)
 ParOldGen       total 2355200K, used 1927743K [0x00000006c1400000, 0x0000000751000000, 0x000000076b180000)
  object space 2355200K, 81% used [0x00000006c1400000,0x0000000736e8fdc0,0x0000000751000000)
 Metaspace       used 6910K, capacity 7069K, committed 7168K, reserved 1056768K
  class space    used 669K, capacity 729K, committed 768K, reserved 1048576K
Event: 78.709 GC heap after
Heap after GC invocations=83 (full 5):
 PSYoungGen      total 585216K, used 29647K [0x000000076b180000, 0x0000000791c80000, 0x00000007c0000000)
  eden space 545792K, 0% used [0x000000076b180000,0x000000076b180000,0x000000078c680000)
  from space 39424K, 75% used [0x000000078f000000,0x0000000790cf3cc0,0x0000000791680000)
  to   space 42496K, 0% used [0x000000078c680000,0x000000078c680000,0x000000078f000000)
 ParOldGen       total 2355200K, used 1927743K [0x00000006c1400000, 0x0000000751000000, 0x000000076b180000)
  object space 2355200K, 81% used [0x00000006c1400000,0x0000000736e8fdc0,0x0000000751000000)
 Metaspace       used 6910K, capacity 7069K, committed 7168K, reserved 1056768K
  class space    used 669K, capacity 729K, committed 768K, reserved 1048576K
}

Deoptimization events (10 events):
Event: 14.930 Thread 0x00000000021be800 Uncommon trap: reason=unstable_if action=reinterpret pc=0x00000000029a48a8 method=java.lang.String.indexOf([CII[CIII)I @ 134
Event: 15.083 Thread 0x000000001f753800 Uncommon trap: reason=unstable_if action=reinterpret pc=0x0000000002a79f5c method=java.util.ArrayList$Itr.hasNext()Z @ 11
Event: 15.113 Thread 0x000000001f756000 Uncommon trap: reason=unstable_if action=reinterpret pc=0x0000000002aabc74 method=laraifox.minecraft.world.ChunkUpdateThread.run()V @ 179
Event: 15.122 Thread 0x00000000021be800 Uncommon trap: reason=unstable_if action=reinterpret pc=0x0000000002a7a74c method=laraifox.minecraft.world.Chunk.isFinished()Z @ 4
Event: 15.154 Thread 0x00000000021be800 Uncommon trap: reason=unstable_if action=reinterpret pc=0x0000000002a7ab04 method=laraifox.minecraft.world.Chunk.isFinished()Z @ 4
Event: 15.167 Thread 0x00000000021be800 Uncommon trap: reason=unstable_if action=reinterpret pc=0x0000000002a75fac method=laraifox.minecraft.world.Chunk.render()V @ 4
Event: 15.168 Thread 0x00000000021be800 Uncommon trap: reason=unstable_if action=reinterpret pc=0x0000000002a70c54 method=laraifox.minecraft.world.Chunk.render()V @ 4
Event: 15.182 Thread 0x00000000021be800 Uncommon trap: reason=unstable_if action=reinterpret pc=0x0000000002ab49a4 method=laraifox.minecraft.world.Chunk.update()V @ 35
Event: 15.182 Thread 0x00000000021be800 Uncommon trap: reason=unstable_if action=reinterpret pc=0x0000000002aa2b5c method=laraifox.minecraft.world.Chunk.update()V @ 35
Event: 71.575 Thread 0x00000000021be800 Uncommon trap: reason=unstable_if action=reinterpret pc=0x0000000002a7de34 method=org.lwjgl.opengl.WindowsMouse.poll(Ljava/nio/IntBuffer;Ljava/nio/ByteBuffer;)V @ 101

Internal exceptions (9 events):
Event: 0.030 Thread 0x00000000021be800 Exception <a 'java/lang/NoSuchMethodError': Method sun.misc.Unsafe.defineClass(Ljava/lang/String;[BII)Ljava/lang/Class; name or signature does not match> (0x000000076b18dad8) thrown at [C:\workspace\8-2-build-windows-amd64-cygwin\jdk8u65\4987\hotspot\src\sûÄB1z˜ž?
Event: 0.030 Thread 0x00000000021be800 Exception <a 'java/lang/NoSuchMethodError': Method sun.misc.Unsafe.prefetchRead(Ljava/lang/Object;J)V name or signature does not match> (0x000000076b18ddc0) thrown at [C:\workspace\8-2-build-windows-amd64-cygwin\jdk8u65\4987\hotspot\src\share\vm\prims\jni.È¹Àêà-@
Event: 14.939 Thread 0x00000000021be800 Exception <a 'java/security/PrivilegedActionException'> (0x000000076da01f08) thrown at [C:\workspace\8-2-build-windows-amd64-cygwin\jdk8u65\4987\hotspot\src\share\vm\prims\jvm.cpp, line 1386]
Event: 14.939 Thread 0x00000000021be800 Exception <a 'java/security/PrivilegedActionException'> (0x000000076da02300) thrown at [C:\workspace\8-2-build-windows-amd64-cygwin\jdk8u65\4987\hotspot\src\share\vm\prims\jvm.cpp, line 1386]
Event: 14.940 Thread 0x00000000021be800 Exception <a 'java/security/PrivilegedActionException'> (0x000000076da06518) thrown at [C:\workspace\8-2-build-windows-amd64-cygwin\jdk8u65\4987\hotspot\src\share\vm\prims\jvm.cpp, line 1386]
Event: 14.940 Thread 0x00000000021be800 Exception <a 'java/security/PrivilegedActionException'> (0x000000076da06910) thrown at [C:\workspace\8-2-build-windows-amd64-cygwin\jdk8u65\4987\hotspot\src\share\vm\prims\jvm.cpp, line 1386]
Event: 14.942 Thread 0x00000000021be800 Exception <a 'java/io/FileNotFoundException'> (0x000000076da08f60) thrown at [C:\workspace\8-2-build-windows-amd64-cygwin\jdk8u65\4987\hotspot\src\share\vm\prims\jni.cpp, line 709]
Event: 14.967 Thread 0x00000000021be800 Exception <a 'java/lang/NoSuchFieldError': method resolution failed> (0x000000076dad62f0) thrown at [C:\workspace\8-2-build-windows-amd64-cygwin\jdk8u65\4987\hotspot\src\share\vm\prims\methodHandles.cpp, line 1146]
Event: 14.968 Thread 0x00000000021be800 Exception <a 'java/lang/NoSuchFieldError': method resolution failed> (0x000000076dae3a10) thrown at [C:\workspace\8-2-build-windows-amd64-cygwin\jdk8u65\4987\hotspot\src\share\vm\prims\methodHandles.cpp, line 1146]

Events (10 events):
Event: 81.051 Thread 0x00000000331d9800 Thread added: 0x00000000331d9800
Event: 81.052 Thread 0x00000000331da000 Thread added: 0x00000000331da000
Event: 81.055 Thread 0x00000000331db000 Thread exited: 0x00000000331db000
Event: 81.057 Thread 0x00000000331d8800 Thread exited: 0x00000000331d8800
Event: 81.061 Thread 0x00000000331d8000 Thread exited: 0x00000000331d8000
Event: 81.066 Thread 0x00000000331dc800 Thread exited: 0x00000000331dc800
Event: 81.068 Thread 0x00000000331db800 Thread exited: 0x00000000331db800
Event: 81.069 Thread 0x00000000331dd000 Thread exited: 0x00000000331dd000
Event: 81.071 Thread 0x00000000331da000 Thread exited: 0x00000000331da000
Event: 81.071 Thread 0x00000000331d9800 Thread exited: 0x00000000331d9800


Dynamic libraries:
0x000000013fd70000 - 0x000000013fda7000 	C:\Program Files\Java\jdk1.8.0_65\bin\javaw.exe
0x0000000076e20000 - 0x0000000076fca000 	C:\Windows\SYSTEM32\ntdll.dll
0x0000000076d00000 - 0x0000000076e1f000 	C:\Windows\system32\kernel32.dll
0x000007fefcef0000 - 0x000007fefcf5b000 	C:\Windows\system32\KERNELBASE.dll
0x000007fefe970000 - 0x000007fefea4b000 	C:\Windows\system32\ADVAPI32.dll
0x000007fefda70000 - 0x000007fefdb0f000 	C:\Windows\system32\msvcrt.dll
0x000007fefd4e0000 - 0x000007fefd4ff000 	C:\Windows\SYSTEM32\sechost.dll
0x000007fefeb80000 - 0x000007fefecad000 	C:\Windows\system32\RPCRT4.dll
0x0000000076c00000 - 0x0000000076cfa000 	C:\Windows\system32\USER32.dll
0x000007fefda00000 - 0x000007fefda67000 	C:\Windows\system32\GDI32.dll
0x000007fefd500000 - 0x000007fefd50e000 	C:\Windows\system32\LPK.dll
0x000007fefdb10000 - 0x000007fefdbda000 	C:\Windows\system32\USP10.dll
0x000007fefb4f0000 - 0x000007fefb6e4000 	C:\Windows\WinSxS\amd64_microsoft.windows.common-controls_6595b64144ccf1df_6.0.7601.18837_none_fa3b1e3d17594757\COMCTL32.dll
0x000007feff0b0000 - 0x000007feff121000 	C:\Windows\system32\SHLWAPI.dll
0x000007fefcf60000 - 0x000007fefcf8e000 	C:\Windows\system32\IMM32.DLL
0x000007fefea70000 - 0x000007fefeb79000 	C:\Windows\system32\MSCTF.dll
0x000007fefcad0000 - 0x000007fefcb01000 	C:\Windows\system32\nvinitx.dll
0x000007fefcac0000 - 0x000007fefcacc000 	C:\Windows\system32\VERSION.dll
0x0000000066d40000 - 0x0000000066e12000 	C:\Program Files\Java\jdk1.8.0_65\jre\bin\msvcr100.dll
0x000000006fca0000 - 0x0000000070529000 	C:\Program Files\Java\jdk1.8.0_65\jre\bin\server\jvm.dll
0x000007fef8700000 - 0x000007fef8709000 	C:\Windows\system32\WSOCK32.dll
0x000007fefed90000 - 0x000007fefeddd000 	C:\Windows\system32\WS2_32.dll
0x000007fefd1a0000 - 0x000007fefd1a8000 	C:\Windows\system32\NSI.dll
0x000007fefa790000 - 0x000007fefa7cb000 	C:\Windows\system32\WINMM.dll
0x0000000076ff0000 - 0x0000000076ff7000 	C:\Windows\system32\PSAPI.DLL
0x0000000066d20000 - 0x0000000066d2f000 	C:\Program Files\Java\jdk1.8.0_65\jre\bin\verify.dll
0x0000000066cf0000 - 0x0000000066d19000 	C:\Program Files\Java\jdk1.8.0_65\jre\bin\java.dll
0x0000000066cd0000 - 0x0000000066ce6000 	C:\Program Files\Java\jdk1.8.0_65\jre\bin\zip.dll
0x000007fefdbe0000 - 0x000007fefe96a000 	C:\Windows\system32\SHELL32.dll
0x000007fefd7f0000 - 0x000007fefd9f3000 	C:\Windows\system32\ole32.dll
0x000007fefcba0000 - 0x000007fefcbaf000 	C:\Windows\system32\profapi.dll
0x0000000180000000 - 0x0000000180051000 	S:\Eclipse Workspace 2\Minecraft Clone Test\lib\lwjgl\native\windows\lwjgl64.dll
0x000007feef560000 - 0x000007feef67d000 	C:\Windows\system32\OPENGL32.dll
0x000007feef530000 - 0x000007feef55d000 	C:\Windows\system32\GLU32.dll
0x000007feef430000 - 0x000007feef521000 	C:\Windows\system32\DDRAW.dll
0x000007feef220000 - 0x000007feef228000 	C:\Windows\system32\DCIMAN32.dll
0x000007fefd510000 - 0x000007fefd6e7000 	C:\Windows\system32\SETUPAPI.dll
0x000007fefcbe0000 - 0x000007fefcc16000 	C:\Windows\system32\CFGMGR32.dll
0x000007fefecb0000 - 0x000007fefed88000 	C:\Windows\system32\OLEAUT32.dll
0x000007fefcbc0000 - 0x000007fefcbda000 	C:\Windows\system32\DEVOBJ.dll
0x000007fefb080000 - 0x000007fefb098000 	C:\Windows\system32\dwmapi.dll
0x000007fefb010000 - 0x000007fefb066000 	C:\Windows\system32\uxtheme.dll
0x0000000013140000 - 0x00000000131ac000 	S:\Programs\RivaTuner Statistics Server\RTSSHooks64.dll
0x0000000077d60000 - 0x0000000077e03000 	C:\Windows\WinSxS\amd64_microsoft.vc90.crt_1fc8b3b9a1e18e3b_9.0.30729.6161_none_08e61857a83bc251\MSVCR90.dll
0x0000000068cb0000 - 0x000000006aa85000 	C:\Windows\system32\nvoglv64.DLL
0x000007fefbd60000 - 0x000007fefbd71000 	C:\Windows\system32\WTSAPI32.dll
0x000007fef76f0000 - 0x000007fef7815000 	C:\Windows\system32\dbghelp.dll
0x000007fefcd20000 - 0x000007fefcd5b000 	C:\Windows\system32\WINTRUST.dll
0x000007fefcd80000 - 0x000007fefceed000 	C:\Windows\system32\CRYPT32.dll
0x000007fefcbb0000 - 0x000007fefcbbf000 	C:\Windows\system32\MSASN1.dll
0x000007fefa7d0000 - 0x000007fefa7fd000 	C:\Windows\system32\ntmarta.dll
0x000007fefd6f0000 - 0x000007fefd742000 	C:\Windows\system32\WLDAP32.dll
0x000007fefbe80000 - 0x000007fefbebd000 	C:\Windows\system32\WINSTA.dll
0x000007fefc9f0000 - 0x000007fefc9ff000 	C:\Windows\system32\CRYPTBASE.dll
0x000007fef9ac0000 - 0x000007fef9b5c000 	C:\Windows\system32\mscms.dll
0x000007fefcc30000 - 0x000007fefcc4e000 	C:\Windows\system32\USERENV.dll
0x000007fefa2b0000 - 0x000007fefa2f2000 	C:\Windows\system32\icm32.dll
0x000000006cd70000 - 0x000000006cf08000 	C:\Program Files\Java\jdk1.8.0_65\jre\bin\awt.dll

VM Arguments:
jvm_args: -Dfile.encoding=Cp1252 
java_command: laraifox.minecraft.MinecraftCloneBoot
java_class_path (initial): S:\Eclipse Workspace 2\Minecraft Clone Test\bin;S:\Eclipse Workspace 2\Minecraft Clone Test\lib;S:\Eclipse Workspace 2\Minecraft Clone Test\res;S:\Eclipse Workspace 2\Minecraft Clone Test\lib\lwjgl.jar
Launcher Type: SUN_STANDARD

Environment Variables:
PATH=C:/Program Files/Java/jre1.8.0_65/bin/server;C:/Program Files/Java/jre1.8.0_65/bin;C:/Program Files/Java/jre1.8.0_65/lib/amd64;C:\ProgramData\Oracle\Java\javapath;C:\Program Files (x86)\Common Files\SIL;S:\Programs\SIL\FieldWorks 8\;C:\Program Files\Common Files\Microsoft Shared\Windows Live;C:\Program Files (x86)\Common Files\Microsoft Shared\Windows Live;C:\Windows\system32;C:\Windows;C:\Windows\System32\Wbem;C:\Windows\System32\WindowsPowerShell\v1.0\;C:\Program Files (x86)\Common Files\Adobe\AGL;C:\Program Files (x86)\Graphic Remedy\gDEBugger\;C:\Program Files (x86)\Microsoft SQL Server\100\Tools\Binn\;C:\Program Files\Microsoft SQL Server\100\Tools\Binn\;C:\Program Files\Microsoft SQL Server\100\DTS\Binn\;C:\Program Files (x86)\Windows Live\Shared;C:\Users\Larai Fox\.dnx\bin;C:\Program Files\Microsoft DNX\Dnvm\;C:\Program Files\Microsoft SQL Server\120\Tools\Binn\;C:\Program Files (x86)\Windows Kits\10\Windows Performance Toolkit\;C:\Program Files (x86)\nodejs\;C:\Program Files (x86)\NVIDIA Corporation\PhysX\Common;C:\Program Files (x86)\QuickTime\QTSystem\;S:\Programs\TortoiseGit\bin;C:\Program Files (x86)\Skype\Phone\;C:\Program Files (x86)\Steam\steamapps\common\team fortress 2\tf\..\bin;C:\Users\Larai Fox\AppData\Roaming\npm;C:\Windows\system32;
USERNAME=Larai Fox
OS=Windows_NT
PROCESSOR_IDENTIFIER=Intel64 Family 6 Model 42 Stepping 7, GenuineIntel



---------------  S Y S T E M  ---------------

OS: Windows 7 , 64 bit Build 7601 (6.1.7601.19160)

CPU:total 8 (4 cores per cpu, 2 threads per core) family 6 model 42 stepping 7, cmov, cx8, fxsr, mmx, sse, sse2, sse3, ssse3, sse4.1, sse4.2, popcnt, avx, aes, clmul, ht, tsc, tscinvbit

Memory: 4k page, physical 16692288k(1171220k free), swap 18787604k(3284k free)

vm_info: Java HotSpot(TM) 64-Bit Server VM (25.65-b01) for windows-amd64 JRE (1.8.0_65-b17), built on Oct  6 2015 16:39:20 by "java_re" with MS VC++ 10.0 (VS2010)

time: Mon Mar 14 05:24:00 2016
elapsed time: 81 seconds (0d 0h 1m 21s)

