#
# There is insufficient memory for the Java Runtime Environment to continue.
# Native memory allocation (malloc) failed to allocate 65552 bytes for Chunk::new
# Possible reasons:
#   The system is out of physical RAM or swap space
#   In 32 bit mode, the process size limit was hit
# Possible solutions:
#   Reduce memory load on the system
#   Increase physical memory or swap space
#   Check if swap backing store is full
#   Use 64 bit Java on a 64 bit OS
#   Decrease Java heap size (-Xmx/-Xms)
#   Decrease number of Java threads
#   Decrease Java thread stack sizes (-Xss)
#   Set larger code cache with -XX:ReservedCodeCacheSize=
# This output file may be truncated or incomplete.
#
#  Out of Memory Error (allocation.cpp:390), pid=14736, tid=14684
#
# JRE version: Java(TM) SE Runtime Environment (8.0_65-b17) (build 1.8.0_65-b17)
# Java VM: Java HotSpot(TM) 64-Bit Server VM (25.65-b01 mixed mode windows-amd64 compressed oops)
# Failed to write core dump. Minidumps are not enabled by default on client versions of Windows
#

---------------  T H R E A D  ---------------

Current thread (0x000000002ba67800):  JavaThread "C2 CompilerThread0" daemon [_thread_in_native, id=14684, stack(0x000000002d1a0000,0x000000002d2a0000)]

Stack: [0x000000002d1a0000,0x000000002d2a0000]
[error occurred during error reporting (printing stack bounds), id 0xc0000005]

Native frames: (J=compiled Java code, j=interpreted, Vv=VM code, C=native code)


Current CompileTask:
C2:   7422  840 %     4       laraifox.minecraft.world.ChunkUpdateThread::run @ 95 (775 bytes)


---------------  P R O C E S S  ---------------

Java Threads: ( => current thread )
  0x000000002e52e800 JavaThread "Thread-4131" [_thread_in_Java, id=14880, stack(0x0000000042b20000,0x0000000042c20000)]
  0x000000002e52e000 JavaThread "Thread-4130" [_thread_new, id=12336, stack(0x0000000000000000,0x0000000000000000)]
  0x000000002dd8b000 JavaThread "Thread-4129" [_thread_new, id=14556, stack(0x0000000000000000,0x0000000000000000)]
  0x000000002e18c800 JavaThread "Thread-4128" [_thread_new, id=12508, stack(0x0000000000000000,0x0000000000000000)]
  0x000000002e18b800 JavaThread "Thread-4127" [_thread_new, id=5832, stack(0x0000000000000000,0x0000000000000000)]
  0x000000002e18b000 JavaThread "Thread-4126" [_thread_in_Java, id=14416, stack(0x000000003c680000,0x000000003c780000)]
  0x000000002e18a000 JavaThread "Thread-4125" [_thread_new, id=16068, stack(0x0000000000000000,0x0000000000000000)]
  0x000000002e189800 JavaThread "Thread-4124" [_thread_in_vm, id=14132, stack(0x000000003c3e0000,0x000000003c4e0000)]
  0x000000002dd89000 JavaThread "Thread-4123" [_thread_in_vm, id=14356, stack(0x00000000419b0000,0x0000000041ab0000)]
  0x000000002dd8c000 JavaThread "Thread-4122" [_thread_new, id=14576, stack(0x0000000000000000,0x0000000000000000)]
  0x000000002dd8a800 JavaThread "Thread-4121" [_thread_in_vm, id=13432, stack(0x00000000404d0000,0x00000000405d0000)]
  0x000000002de38800 JavaThread "LWJGL Timer" daemon [_thread_blocked, id=15136, stack(0x0000000033ba0000,0x0000000033ca0000)]
  0x000000002df8e000 JavaThread "Java2D Disposer" daemon [_thread_blocked, id=13496, stack(0x0000000033980000,0x0000000033a80000)]
  0x000000002bb28000 JavaThread "Service Thread" daemon [_thread_blocked, id=14564, stack(0x000000002d630000,0x000000002d730000)]
  0x000000002ba76000 JavaThread "C1 CompilerThread3" daemon [_thread_blocked, id=14816, stack(0x000000002d750000,0x000000002d850000)]
  0x000000002ba75800 JavaThread "C2 CompilerThread2" daemon [_thread_blocked, id=13476, stack(0x000000002d510000,0x000000002d610000)]
  0x000000002ba70000 JavaThread "C2 CompilerThread1" daemon [_thread_blocked, id=15228, stack(0x000000002d2d0000,0x000000002d3d0000)]
=>0x000000002ba67800 JavaThread "C2 CompilerThread0" daemon [_thread_in_native, id=14684, stack(0x000000002d1a0000,0x000000002d2a0000)]
  0x000000002ba64000 JavaThread "Attach Listener" daemon [_thread_blocked, id=12144, stack(0x000000002cff0000,0x000000002d0f0000)]
  0x000000002ba62800 JavaThread "Signal Dispatcher" daemon [_thread_blocked, id=15040, stack(0x000000002ce20000,0x000000002cf20000)]
  0x000000002a89b000 JavaThread "Finalizer" daemon [_thread_blocked, id=12596, stack(0x000000002caf0000,0x000000002cbf0000)]
  0x000000002a894800 JavaThread "Reference Handler" daemon [_thread_blocked, id=15056, stack(0x000000002cc80000,0x000000002cd80000)]
  0x00000000023fe800 JavaThread "main" [_thread_in_native, id=12400, stack(0x00000000025a0000,0x00000000026a0000)]

Other Threads:
  0x000000002ba11000 VMThread [stack: 0x000000002c9f0000,0x000000002caf0000] [id=14724]
  0x000000002bb2d000 WatcherThread [stack: 0x000000002d860000,0x000000002d960000] [id=10628]

VM state:not at safepoint (normal execution)

VM Mutex/Monitor currently owned by a thread: None

Heap:
 PSYoungGen      total 2152448K, used 1701768K [0x00000006eab00000, 0x0000000771c00000, 0x00000007c0000000)
  eden space 2097152K, 81% used [0x00000006eab00000,0x00000007526aeac8,0x000000076ab00000)
  from space 55296K, 4% used [0x000000076e600000,0x000000076e833858,0x0000000771c00000)
  to   space 57856K, 0% used [0x000000076ab00000,0x000000076ab00000,0x000000076e380000)
 ParOldGen       total 699392K, used 57499K [0x0000000540000000, 0x000000056ab00000, 0x00000006eab00000)
  object space 699392K, 8% used [0x0000000540000000,0x0000000543826f30,0x000000056ab00000)
 Metaspace       used 6948K, capacity 7069K, committed 7168K, reserved 1056768K
  class space    used 671K, capacity 729K, committed 768K, reserved 1048576K

Card table byte_map: [0x0000000011d30000,0x0000000013140000] byte_map_base: 0x000000000f330000

Marking Bits: (ParMarkBitMap*) 0x0000000070b7a5b0
 Begin Bits: [0x0000000014ab0000, 0x000000001eab0000)
 End Bits:   [0x000000001eab0000, 0x0000000028ab0000)

Polling page: 0x0000000000120000

CodeCache: size=245760Kb used=3617Kb max_used=3643Kb free=242142Kb
 bounds [0x0000000002970000, 0x0000000002d10000, 0x0000000011970000]
 total_blobs=1255 nmethods=839 adapters=329
 compilation: enabled

Compilation events (10 events):
Event: 7.144 Thread 0x000000002ba76000  836       3       sun.nio.cs.SingleByte$Encoder::encode (32 bytes)
Event: 7.144 Thread 0x000000002ba76000 nmethod 836 0x0000000002cd0110 code [0x0000000002cd0280, 0x0000000002cd0490]
Event: 7.144 Thread 0x000000002ba76000  837       3       java.nio.ByteBuffer::arrayOffset (35 bytes)
Event: 7.144 Thread 0x000000002ba76000 nmethod 837 0x0000000002ccfb10 code [0x0000000002ccfca0, 0x0000000002ccffb8]
Event: 7.240 Thread 0x000000002ba76000  838       3       java.lang.String::valueOf (14 bytes)
Event: 7.240 Thread 0x000000002ba76000 nmethod 838 0x0000000002cddad0 code [0x0000000002cddc40, 0x0000000002cdde88]
Event: 7.240 Thread 0x000000002ba76000  839       3       java.nio.CharBuffer::arrayOffset (35 bytes)
Event: 7.240 Thread 0x000000002ba76000 nmethod 839 0x0000000002cdd4d0 code [0x0000000002cdd660, 0x0000000002cdd978]
Event: 7.253 Thread 0x000000002ba70000 nmethod 832% 0x0000000002cf7c90 code [0x0000000002cf8100, 0x0000000002cfd950]
Event: 7.254 Thread 0x000000002ba67800  840 %     4       laraifox.minecraft.world.ChunkUpdateThread::run @ 95 (775 bytes)

GC Heap History (10 events):
Event: 5.971 GC heap before
{Heap before GC invocations=22 (full 0):
 PSYoungGen      total 2155008K, used 2097312K [0x00000006eab00000, 0x0000000771c00000, 0x00000007c0000000)
  eden space 2097152K, 100% used [0x00000006eab00000,0x000000076ab00000,0x000000076ab00000)
  from space 57856K, 0% used [0x000000076ab00000,0x000000076ab28000,0x000000076e380000)
  to   space 55296K, 0% used [0x000000076e600000,0x000000076e600000,0x0000000771c00000)
 ParOldGen       total 699392K, used 57363K [0x0000000540000000, 0x000000056ab00000, 0x00000006eab00000)
  object space 699392K, 8% used [0x0000000540000000,0x0000000543804f30,0x000000056ab00000)
 Metaspace       used 6932K, capacity 7069K, committed 7168K, reserved 1056768K
  class space    used 669K, capacity 729K, committed 768K, reserved 1048576K
Event: 5.977 GC heap after
Heap after GC invocations=22 (full 0):
 PSYoungGen      total 2152448K, used 5074K [0x00000006eab00000, 0x0000000771c00000, 0x00000007c0000000)
  eden space 2097152K, 0% used [0x00000006eab00000,0x00000006eab00000,0x000000076ab00000)
  from space 55296K, 9% used [0x000000076e600000,0x000000076eaf4880,0x0000000771c00000)
  to   space 57856K, 0% used [0x000000076ab00000,0x000000076ab00000,0x000000076e380000)
 ParOldGen       total 699392K, used 57379K [0x0000000540000000, 0x000000056ab00000, 0x00000006eab00000)
  object space 699392K, 8% used [0x0000000540000000,0x0000000543808f30,0x000000056ab00000)
 Metaspace       used 6932K, capacity 7069K, committed 7168K, reserved 1056768K
  class space    used 669K, capacity 729K, committed 768K, reserved 1048576K
}
Event: 6.233 GC heap before
{Heap before GC invocations=23 (full 0):
 PSYoungGen      total 2152448K, used 2102226K [0x00000006eab00000, 0x0000000771c00000, 0x00000007c0000000)
  eden space 2097152K, 100% used [0x00000006eab00000,0x000000076ab00000,0x000000076ab00000)
  from space 55296K, 9% used [0x000000076e600000,0x000000076eaf4880,0x0000000771c00000)
  to   space 57856K, 0% used [0x000000076ab00000,0x000000076ab00000,0x000000076e380000)
 ParOldGen       total 699392K, used 57379K [0x0000000540000000, 0x000000056ab00000, 0x00000006eab00000)
  object space 699392K, 8% used [0x0000000540000000,0x0000000543808f30,0x000000056ab00000)
 Metaspace       used 6932K, capacity 7069K, committed 7168K, reserved 1056768K
  class space    used 669K, capacity 729K, committed 768K, reserved 1048576K
Event: 6.234 GC heap after
Heap after GC invocations=23 (full 0):
 PSYoungGen      total 2155008K, used 256K [0x00000006eab00000, 0x0000000771c00000, 0x00000007c0000000)
  eden space 2097152K, 0% used [0x00000006eab00000,0x00000006eab00000,0x000000076ab00000)
  from space 57856K, 0% used [0x000000076ab00000,0x000000076ab40000,0x000000076e380000)
  to   space 55296K, 0% used [0x000000076e600000,0x000000076e600000,0x0000000771c00000)
 ParOldGen       total 699392K, used 57403K [0x0000000540000000, 0x000000056ab00000, 0x00000006eab00000)
  object space 699392K, 8% used [0x0000000540000000,0x000000054380ef30,0x000000056ab00000)
 Metaspace       used 6932K, capacity 7069K, committed 7168K, reserved 1056768K
  class space    used 669K, capacity 729K, committed 768K, reserved 1048576K
}
Event: 6.437 GC heap before
{Heap before GC invocations=24 (full 0):
 PSYoungGen      total 2155008K, used 2097408K [0x00000006eab00000, 0x0000000771c00000, 0x00000007c0000000)
  eden space 2097152K, 100% used [0x00000006eab00000,0x000000076ab00000,0x000000076ab00000)
  from space 57856K, 0% used [0x000000076ab00000,0x000000076ab40000,0x000000076e380000)
  to   space 55296K, 0% used [0x000000076e600000,0x000000076e600000,0x0000000771c00000)
 ParOldGen       total 699392K, used 57403K [0x0000000540000000, 0x000000056ab00000, 0x00000006eab00000)
  object space 699392K, 8% used [0x0000000540000000,0x000000054380ef30,0x000000056ab00000)
 Metaspace       used 6932K, capacity 7069K, committed 7168K, reserved 1056768K
  class space    used 669K, capacity 729K, committed 768K, reserved 1048576K
Event: 6.442 GC heap after
Heap after GC invocations=24 (full 0):
 PSYoungGen      total 2152448K, used 4861K [0x00000006eab00000, 0x0000000771c00000, 0x00000007c0000000)
  eden space 2097152K, 0% used [0x00000006eab00000,0x00000006eab00000,0x000000076ab00000)
  from space 55296K, 8% used [0x000000076e600000,0x000000076eabf458,0x0000000771c00000)
  to   space 57856K, 0% used [0x000000076ab00000,0x000000076ab00000,0x000000076e380000)
 ParOldGen       total 699392K, used 57419K [0x0000000540000000, 0x000000056ab00000, 0x00000006eab00000)
  object space 699392K, 8% used [0x0000000540000000,0x0000000543812f30,0x000000056ab00000)
 Metaspace       used 6932K, capacity 7069K, committed 7168K, reserved 1056768K
  class space    used 669K, capacity 729K, committed 768K, reserved 1048576K
}
Event: 6.635 GC heap before
{Heap before GC invocations=25 (full 0):
 PSYoungGen      total 2152448K, used 2102013K [0x00000006eab00000, 0x0000000771c00000, 0x00000007c0000000)
  eden space 2097152K, 100% used [0x00000006eab00000,0x000000076ab00000,0x000000076ab00000)
  from space 55296K, 8% used [0x000000076e600000,0x000000076eabf458,0x0000000771c00000)
  to   space 57856K, 0% used [0x000000076ab00000,0x000000076ab00000,0x000000076e380000)
 ParOldGen       total 699392K, used 57419K [0x0000000540000000, 0x000000056ab00000, 0x00000006eab00000)
  object space 699392K, 8% used [0x0000000540000000,0x0000000543812f30,0x000000056ab00000)
 Metaspace       used 6934K, capacity 7069K, committed 7168K, reserved 1056768K
  class space    used 669K, capacity 729K, committed 768K, reserved 1048576K
Event: 6.638 GC heap after
Heap after GC invocations=25 (full 0):
 PSYoungGen      total 2155008K, used 2379K [0x00000006eab00000, 0x0000000771c00000, 0x00000007c0000000)
  eden space 2097152K, 0% used [0x00000006eab00000,0x00000006eab00000,0x000000076ab00000)
  from space 57856K, 4% used [0x000000076ab00000,0x000000076ad52f40,0x000000076e380000)
  to   space 55296K, 0% used [0x000000076e600000,0x000000076e600000,0x0000000771c00000)
 ParOldGen       total 699392K, used 57451K [0x0000000540000000, 0x000000056ab00000, 0x00000006eab00000)
  object space 699392K, 8% used [0x0000000540000000,0x000000054381af30,0x000000056ab00000)
 Metaspace       used 6934K, capacity 7069K, committed 7168K, reserved 1056768K
  class space    used 669K, capacity 729K, committed 768K, reserved 1048576K
}
Event: 6.890 GC heap before
{Heap before GC invocations=26 (full 0):
 PSYoungGen      total 2155008K, used 2099531K [0x00000006eab00000, 0x0000000771c00000, 0x00000007c0000000)
  eden space 2097152K, 100% used [0x00000006eab00000,0x000000076ab00000,0x000000076ab00000)
  from space 57856K, 4% used [0x000000076ab00000,0x000000076ad52f40,0x000000076e380000)
  to   space 55296K, 0% used [0x000000076e600000,0x000000076e600000,0x0000000771c00000)
 ParOldGen       total 699392K, used 57451K [0x0000000540000000, 0x000000056ab00000, 0x00000006eab00000)
  object space 699392K, 8% used [0x0000000540000000,0x000000054381af30,0x000000056ab00000)
 Metaspace       used 6934K, capacity 7069K, committed 7168K, reserved 1056768K
  class space    used 669K, capacity 729K, committed 768K, reserved 1048576K
Event: 6.893 GC heap after
Heap after GC invocations=26 (full 0):
 PSYoungGen      total 2152448K, used 2254K [0x00000006eab00000, 0x0000000771c00000, 0x00000007c0000000)
  eden space 2097152K, 0% used [0x00000006eab00000,0x00000006eab00000,0x000000076ab00000)
  from space 55296K, 4% used [0x000000076e600000,0x000000076e833858,0x0000000771c00000)
  to   space 57856K, 0% used [0x000000076ab00000,0x000000076ab00000,0x000000076e380000)
 ParOldGen       total 699392K, used 57499K [0x0000000540000000, 0x000000056ab00000, 0x00000006eab00000)
  object space 699392K, 8% used [0x0000000540000000,0x0000000543826f30,0x000000056ab00000)
 Metaspace       used 6934K, capacity 7069K, committed 7168K, reserved 1056768K
  class space    used 669K, capacity 729K, committed 768K, reserved 1048576K
}

Deoptimization events (10 events):
Event: 1.369 Thread 0x000000002ba83000 Uncommon trap: reason=unstable_if action=reinterpret pc=0x0000000002baddfc method=laraifox.minecraft.world.World.getBlock(III)Llaraifox/minecraft/world/Block; @ 15
Event: 1.843 Thread 0x000000002ba7d000 Uncommon trap: reason=unstable_if action=reinterpret pc=0x0000000002c2ef6c method=laraifox.minecraft.world.World.getBlock(III)Llaraifox/minecraft/world/Block; @ 15
Event: 2.066 Thread 0x00000000023fe800 Uncommon trap: reason=unstable_if action=reinterpret pc=0x0000000002befbf0 method=laraifox.minecraft.world.World.setBlock(SIII)V @ 31
Event: 2.066 Thread 0x00000000023fe800 Uncommon trap: reason=unstable_if action=reinterpret pc=0x0000000002be51b8 method=laraifox.minecraft.world.World.setBlock(SIII)V @ 31
Event: 3.132 Thread 0x00000000023fe800 Uncommon trap: reason=unstable_if action=reinterpret pc=0x0000000002c57cb0 method=laraifox.minecraft.world.Crawler.update(Llaraifox/minecraft/world/World;Ljava/util/Random;)V @ 153
Event: 6.668 Thread 0x000000002e169000 Uncommon trap: reason=unstable_if action=reinterpret pc=0x0000000002c78774 method=laraifox.minecraft.world.World.getBlock(III)Llaraifox/minecraft/world/Block; @ 44
Event: 6.668 Thread 0x000000002e169000 Uncommon trap: reason=unstable_if action=reinterpret pc=0x0000000002c0e84c method=laraifox.minecraft.world.World.getBlock(III)Llaraifox/minecraft/world/Block; @ 44
Event: 6.669 Thread 0x000000002e16b000 Uncommon trap: reason=unstable_if action=reinterpret pc=0x0000000002c78774 method=laraifox.minecraft.world.World.getBlock(III)Llaraifox/minecraft/world/Block; @ 44
Event: 6.669 Thread 0x000000002e16b000 Uncommon trap: reason=unstable_if action=reinterpret pc=0x0000000002c48f90 method=laraifox.minecraft.world.World.getBlock(III)Llaraifox/minecraft/world/Block; @ 44
Event: 6.686 Thread 0x000000002e16b000 Uncommon trap: reason=unstable_if action=reinterpret pc=0x0000000002c63d48 method=laraifox.minecraft.world.World.getBlock(III)Llaraifox/minecraft/world/Block; @ 44

Internal exceptions (10 events):
Event: 0.665 Thread 0x00000000023fe800 Exception <a 'java/security/PrivilegedActionException'> (0x00000006eefba808) thrown at [C:\workspace\8-2-build-windows-amd64-cygwin\jdk8u65\4987\hotspot\src\share\vm\prims\jvm.cpp, line 1386]
Event: 0.665 Thread 0x00000000023fe800 Exception <a 'java/security/PrivilegedActionException'> (0x00000006eefbac00) thrown at [C:\workspace\8-2-build-windows-amd64-cygwin\jdk8u65\4987\hotspot\src\share\vm\prims\jvm.cpp, line 1386]
Event: 0.666 Thread 0x00000000023fe800 Exception <a 'java/security/PrivilegedActionException'> (0x00000006eefbee18) thrown at [C:\workspace\8-2-build-windows-amd64-cygwin\jdk8u65\4987\hotspot\src\share\vm\prims\jvm.cpp, line 1386]
Event: 0.666 Thread 0x00000000023fe800 Exception <a 'java/security/PrivilegedActionException'> (0x00000006eefbf210) thrown at [C:\workspace\8-2-build-windows-amd64-cygwin\jdk8u65\4987\hotspot\src\share\vm\prims\jvm.cpp, line 1386]
Event: 0.669 Thread 0x00000000023fe800 Exception <a 'java/io/FileNotFoundException'> (0x00000006eefc1860) thrown at [C:\workspace\8-2-build-windows-amd64-cygwin\jdk8u65\4987\hotspot\src\share\vm\prims\jni.cpp, line 709]
Event: 0.697 Thread 0x00000000023fe800 Exception <a 'java/lang/NoSuchFieldError': method resolution failed> (0x00000006ef08ef08) thrown at [C:\workspace\8-2-build-windows-amd64-cygwin\jdk8u65\4987\hotspot\src\share\vm\prims\methodHandles.cpp, line 1146]
Event: 0.698 Thread 0x00000000023fe800 Exception <a 'java/lang/NoSuchFieldError': method resolution failed> (0x00000006ef09c628) thrown at [C:\workspace\8-2-build-windows-amd64-cygwin\jdk8u65\4987\hotspot\src\share\vm\prims\methodHandles.cpp, line 1146]
Event: 7.143 Thread 0x000000002dd8a800 Exception <a 'java/lang/OutOfMemoryError'> (0x0000000736780fa8) thrown at [C:\workspace\8-2-build-windows-amd64-cygwin\jdk8u65\4987\hotspot\src\share\vm\prims\unsafe.cpp, line 625]
Event: 7.230 Thread 0x000000002dd89800 Exception <a 'java/lang/OutOfMemoryError'> (0x00000007470d38e8) thrown at [C:\workspace\8-2-build-windows-amd64-cygwin\jdk8u65\4987\hotspot\src\share\vm\prims\unsafe.cpp, line 625]
Event: 7.248 Thread 0x000000002dd8b000 Exception <a 'java/lang/OutOfMemoryError'> (0x0000000745f4e340) thrown at [C:\workspace\8-2-build-windows-amd64-cygwin\jdk8u65\4987\hotspot\src\share\vm\prims\unsafe.cpp, line 625]

Events (10 events):
Event: 7.266 Thread 0x000000002dd8b000 DEOPT UNPACKING pc=0x00000000029b787f sp=0x000000003b6ded90 mode 0
Event: 7.266 Thread 0x000000002dd8b000 Thread exited: 0x000000002dd8b000
Event: 7.267 Thread 0x000000002dd89800 DEOPT PACKING pc=0x0000000002ce8e27 sp=0x000000003188f1f0
Event: 7.267 Thread 0x000000002dd89800 DEOPT UNPACKING pc=0x00000000029b787f sp=0x000000003188f020 mode 0
Event: 7.267 Thread 0x000000002dd8b000 Thread added: 0x000000002dd8b000
Event: 7.267 Thread 0x000000002e52e000 Thread added: 0x000000002e52e000
Event: 7.267 Thread 0x000000002e52e800 Thread added: 0x000000002e52e800
Event: 7.267 Thread 0x000000002dd89000 DEOPT PACKING pc=0x0000000002ce826c sp=0x0000000041aaf230
Event: 7.267 Thread 0x000000002dd89800 Thread exited: 0x000000002dd89800
Event: 7.267 Thread 0x000000002dd89000 DEOPT UNPACKING pc=0x00000000029b787f sp=0x0000000041aaf058 mode 0


Dynamic libraries:
0x000000013fe50000 - 0x000000013fe87000 	C:\Program Files\Java\jdk1.8.0_65\bin\javaw.exe
0x0000000077200000 - 0x00000000773aa000 	C:\Windows\SYSTEM32\ntdll.dll
0x0000000076fe0000 - 0x00000000770ff000 	C:\Windows\system32\kernel32.dll
0x000007fefd0b0000 - 0x000007fefd11b000 	C:\Windows\system32\KERNELBASE.dll
0x000007fefd9f0000 - 0x000007fefdacb000 	C:\Windows\system32\ADVAPI32.dll
0x000007fefed20000 - 0x000007fefedbf000 	C:\Windows\system32\msvcrt.dll
0x000007fefd9a0000 - 0x000007fefd9bf000 	C:\Windows\SYSTEM32\sechost.dll
0x000007fefdb30000 - 0x000007fefdc5d000 	C:\Windows\system32\RPCRT4.dll
0x0000000077100000 - 0x00000000771fa000 	C:\Windows\system32\USER32.dll
0x000007fefd930000 - 0x000007fefd997000 	C:\Windows\system32\GDI32.dll
0x000007fefedd0000 - 0x000007fefedde000 	C:\Windows\system32\LPK.dll
0x000007fefef90000 - 0x000007feff05a000 	C:\Windows\system32\USP10.dll
0x000007fefb800000 - 0x000007fefb9f4000 	C:\Windows\WinSxS\amd64_microsoft.windows.common-controls_6595b64144ccf1df_6.0.7601.18837_none_fa3b1e3d17594757\COMCTL32.dll
0x000007fefd6b0000 - 0x000007fefd721000 	C:\Windows\system32\SHLWAPI.dll
0x000007fefd9c0000 - 0x000007fefd9ee000 	C:\Windows\system32\IMM32.DLL
0x000007fefee80000 - 0x000007fefef89000 	C:\Windows\system32\MSCTF.dll
0x000007fefceb0000 - 0x000007fefcee1000 	C:\Windows\system32\nvinitx.dll
0x000007fefcea0000 - 0x000007fefceac000 	C:\Windows\system32\VERSION.dll
0x000000005b2d0000 - 0x000000005b3a2000 	C:\Program Files\Java\jdk1.8.0_65\jre\bin\msvcr100.dll
0x0000000070370000 - 0x0000000070bf9000 	C:\Program Files\Java\jdk1.8.0_65\jre\bin\server\jvm.dll
0x000007fef8d70000 - 0x000007fef8d79000 	C:\Windows\system32\WSOCK32.dll
0x000007fefd730000 - 0x000007fefd77d000 	C:\Windows\system32\WS2_32.dll
0x000007fefedc0000 - 0x000007fefedc8000 	C:\Windows\system32\NSI.dll
0x000007fefab70000 - 0x000007fefabab000 	C:\Windows\system32\WINMM.dll
0x00000000773d0000 - 0x00000000773d7000 	C:\Windows\system32\PSAPI.DLL
0x0000000073410000 - 0x000000007341f000 	C:\Program Files\Java\jdk1.8.0_65\jre\bin\verify.dll
0x00000000733e0000 - 0x0000000073409000 	C:\Program Files\Java\jdk1.8.0_65\jre\bin\java.dll
0x00000000600d0000 - 0x00000000600e6000 	C:\Program Files\Java\jdk1.8.0_65\jre\bin\zip.dll
0x000007fefdd00000 - 0x000007fefea8a000 	C:\Windows\system32\SHELL32.dll
0x000007fefd3c0000 - 0x000007fefd5c3000 	C:\Windows\system32\ole32.dll
0x000007fefcf90000 - 0x000007fefcf9f000 	C:\Windows\system32\profapi.dll
0x0000000180000000 - 0x0000000180051000 	S:\Eclipse Workspace 2\Minecraft Clone\lib\lwjgl\native\windows\lwjgl64.dll
0x000007fef3bd0000 - 0x000007fef3ced000 	C:\Windows\system32\OPENGL32.dll
0x000007fef3ba0000 - 0x000007fef3bcd000 	C:\Windows\system32\GLU32.dll
0x000007fef3aa0000 - 0x000007fef3b91000 	C:\Windows\system32\DDRAW.dll
0x000007fef5ad0000 - 0x000007fef5ad8000 	C:\Windows\system32\DCIMAN32.dll
0x000007feff330000 - 0x000007feff507000 	C:\Windows\system32\SETUPAPI.dll
0x000007fefd130000 - 0x000007fefd166000 	C:\Windows\system32\CFGMGR32.dll
0x000007fefd5d0000 - 0x000007fefd6a8000 	C:\Windows\system32\OLEAUT32.dll
0x000007fefd300000 - 0x000007fefd31a000 	C:\Windows\system32\DEVOBJ.dll
0x000007fefb500000 - 0x000007fefb518000 	C:\Windows\system32\dwmapi.dll
0x000007fefb490000 - 0x000007fefb4e6000 	C:\Windows\system32\uxtheme.dll
0x0000000002320000 - 0x000000000238c000 	S:\Programs\RivaTuner Statistics Server\RTSSHooks64.dll
0x0000000078320000 - 0x00000000783c3000 	C:\Windows\WinSxS\amd64_microsoft.vc90.crt_1fc8b3b9a1e18e3b_9.0.30729.6161_none_08e61857a83bc251\MSVCR90.dll
0x0000000068d20000 - 0x000000006aaf5000 	C:\Windows\system32\nvoglv64.DLL
0x000007fefc140000 - 0x000007fefc151000 	C:\Windows\system32\WTSAPI32.dll
0x000007fef7be0000 - 0x000007fef7d05000 	C:\Windows\system32\dbghelp.dll
0x000007fefd060000 - 0x000007fefd09b000 	C:\Windows\system32\WINTRUST.dll
0x000007fefd180000 - 0x000007fefd2ed000 	C:\Windows\system32\CRYPT32.dll
0x000007fefcf80000 - 0x000007fefcf8f000 	C:\Windows\system32\MSASN1.dll
0x000007fefabb0000 - 0x000007fefabdd000 	C:\Windows\system32\ntmarta.dll
0x000007fefdad0000 - 0x000007fefdb22000 	C:\Windows\system32\WLDAP32.dll
0x000007fefc260000 - 0x000007fefc29d000 	C:\Windows\system32\WINSTA.dll
0x000007fefcdd0000 - 0x000007fefcddf000 	C:\Windows\system32\CRYPTBASE.dll
0x000007fefa060000 - 0x000007fefa0fc000 	C:\Windows\system32\mscms.dll
0x000007fefd320000 - 0x000007fefd33e000 	C:\Windows\system32\USERENV.dll
0x000007fee80a0000 - 0x000007fee80e2000 	C:\Windows\system32\icm32.dll
0x000000005ac00000 - 0x000000005ad98000 	C:\Program Files\Java\jdk1.8.0_65\jre\bin\awt.dll

VM Arguments:
jvm_args: -Xms1G -Xmx10G -Dfile.encoding=Cp1252 
java_command: laraifox.minecraft.MinecraftCloneBoot
java_class_path (initial): S:\Eclipse Workspace 2\Minecraft Clone\bin;S:\Eclipse Workspace 2\Minecraft Clone\lib;S:\Eclipse Workspace 2\Minecraft Clone\res;S:\Eclipse Workspace 2\Minecraft Clone\lib\lwjgl.jar
Launcher Type: SUN_STANDARD

Environment Variables:
PATH=C:/Program Files/Java/jre1.8.0_65/bin/server;C:/Program Files/Java/jre1.8.0_65/bin;C:/Program Files/Java/jre1.8.0_65/lib/amd64;C:\ProgramData\Oracle\Java\javapath;C:\Program Files (x86)\Common Files\SIL;S:\Programs\SIL\FieldWorks 8\;C:\Program Files\Common Files\Microsoft Shared\Windows Live;C:\Program Files (x86)\Common Files\Microsoft Shared\Windows Live;C:\Windows\system32;C:\Windows;C:\Windows\System32\Wbem;C:\Windows\System32\WindowsPowerShell\v1.0\;C:\Program Files (x86)\Common Files\Adobe\AGL;C:\Program Files (x86)\Graphic Remedy\gDEBugger\;C:\Program Files (x86)\Microsoft SQL Server\100\Tools\Binn\;C:\Program Files\Microsoft SQL Server\100\Tools\Binn\;C:\Program Files\Microsoft SQL Server\100\DTS\Binn\;C:\Program Files (x86)\Windows Live\Shared;C:\Users\Larai Fox\.dnx\bin;C:\Program Files\Microsoft DNX\Dnvm\;C:\Program Files\Microsoft SQL Server\120\Tools\Binn\;C:\Program Files (x86)\Windows Kits\10\Windows Performance Toolkit\;C:\Program Files (x86)\nodejs\;C:\Program Files (x86)\NVIDIA Corporation\PhysX\Common;C:\Program Files (x86)\QuickTime\QTSystem\;C:\Program Files (x86)\Skype\Phone\;S:\Programs\TortoiseGit\bin;C:\Program Files (x86)\Steam\steamapps\common\team fortress 2\tf\..\bin;C:\Users\Larai Fox\AppData\Roaming\npm;C:\Windows\system32;
USERNAME=Larai Fox
OS=Windows_NT
PROCESSOR_IDENTIFIER=Intel64 Family 6 Model 42 Stepping 7, GenuineIntel



---------------  S Y S T E M  ---------------

OS: Windows 7 , 64 bit Build 7601 (6.1.7601.19160)

CPU:total 8 (4 cores per cpu, 2 threads per core) family 6 model 42 stepping 7, cmov, cx8, fxsr, mmx, sse, sse2, sse3, ssse3, sse4.1, sse4.2, popcnt, avx, aes, clmul, ht, tsc, tscinvbit

Memory: 4k page, physical 16692288k(3411124k free), swap 18679148k(15836k free)

vm_info: Java HotSpot(TM) 64-Bit Server VM (25.65-b01) for windows-amd64 JRE (1.8.0_65-b17), built on Oct  6 2015 16:39:20 by "java_re" with MS VC++ 10.0 (VS2010)

time: Thu Mar 17 03:08:31 2016
elapsed time: 7 seconds (0d 0h 0m 7s)

